<?xml version="1.0" encoding="UTF-8"?>
<testng-results skipped="0" failed="0" ignored="0" total="3" passed="3">
  <reporter-output>
  </reporter-output>
  <suite name="Suite" duration-ms="16293" started-at="2022-02-11T09:00:33 COT" finished-at="2022-02-11T09:00:50 COT">
    <groups>
    </groups>
    <test name="TestOnEdge" duration-ms="15084" started-at="2022-02-11T09:00:33 COT" finished-at="2022-02-11T09:00:49 COT">
      <class name="browser.MultiBrowser">
        <test-method status="PASS" signature="setup(java.lang.String)[pri:0, instance:browser.MultiBrowser@4b5a5ed1]" name="setup" is-config="true" duration-ms="4100" started-at="2022-02-11T09:00:33 COT" finished-at="2022-02-11T09:00:38 COT">
          <params>
            <param index="0">
              <value>
                <![CDATA[edge]]>
              </value>
            </param>
          </params>
          <reporter-output>
          </reporter-output>
        </test-method> <!-- setup -->
        <test-method status="PASS" signature="test1()[pri:0, instance:browser.MultiBrowser@4b5a5ed1]" name="test1" duration-ms="6798" started-at="2022-02-11T09:00:38 COT" finished-at="2022-02-11T09:00:44 COT">
          <reporter-output>
          </reporter-output>
        </test-method> <!-- test1 -->
        <test-method status="PASS" signature="teardown()[pri:0, instance:browser.MultiBrowser@4b5a5ed1]" name="teardown" is-config="true" duration-ms="4168" started-at="2022-02-11T09:00:44 COT" finished-at="2022-02-11T09:00:49 COT">
          <reporter-output>
          </reporter-output>
        </test-method> <!-- teardown -->
      </class> <!-- browser.MultiBrowser -->
    </test> <!-- TestOnEdge -->
    <test name="TestOnChrome" duration-ms="15295" started-at="2022-02-11T09:00:33 COT" finished-at="2022-02-11T09:00:49 COT">
      <class name="browser.MultiBrowser">
        <test-method status="PASS" signature="setup(java.lang.String)[pri:0, instance:browser.MultiBrowser@25d250c6]" name="setup" is-config="true" duration-ms="2940" started-at="2022-02-11T09:00:33 COT" finished-at="2022-02-11T09:00:36 COT">
          <params>
            <param index="0">
              <value>
                <![CDATA[chrome]]>
              </value>
            </param>
          </params>
          <reporter-output>
          </reporter-output>
        </test-method> <!-- setup -->
        <test-method status="PASS" signature="test1()[pri:0, instance:browser.MultiBrowser@25d250c6]" name="test1" duration-ms="8144" started-at="2022-02-11T09:00:36 COT" finished-at="2022-02-11T09:00:45 COT">
          <reporter-output>
          </reporter-output>
        </test-method> <!-- test1 -->
        <test-method status="PASS" signature="teardown()[pri:0, instance:browser.MultiBrowser@25d250c6]" name="teardown" is-config="true" duration-ms="4174" started-at="2022-02-11T09:00:45 COT" finished-at="2022-02-11T09:00:49 COT">
          <reporter-output>
          </reporter-output>
        </test-method> <!-- teardown -->
      </class> <!-- browser.MultiBrowser -->
    </test> <!-- TestOnChrome -->
    <test name="TestOnFirefox" duration-ms="16292" started-at="2022-02-11T09:00:33 COT" finished-at="2022-02-11T09:00:50 COT">
      <class name="browser.MultiBrowser">
        <test-method status="PASS" signature="setup(java.lang.String)[pri:0, instance:browser.MultiBrowser@56528192]" name="setup" is-config="true" duration-ms="6806" started-at="2022-02-11T09:00:33 COT" finished-at="2022-02-11T09:00:40 COT">
          <params>
            <param index="0">
              <value>
                <![CDATA[firefox]]>
              </value>
            </param>
          </params>
          <reporter-output>
          </reporter-output>
        </test-method> <!-- setup -->
        <test-method status="PASS" signature="test1()[pri:0, instance:browser.MultiBrowser@56528192]" name="test1" duration-ms="9425" started-at="2022-02-11T09:00:40 COT" finished-at="2022-02-11T09:00:50 COT">
          <reporter-output>
          </reporter-output>
        </test-method> <!-- test1 -->
        <test-method status="FAIL" signature="teardown()[pri:0, instance:browser.MultiBrowser@56528192]" name="teardown" is-config="true" duration-ms="41" started-at="2022-02-11T09:00:50 COT" finished-at="2022-02-11T09:00:50 COT">
          <exception class="org.openqa.selenium.remote.http.ConnectionFailedException">
            <message>
              <![CDATA[Unable to establish websocket connection to http://localhost:53959/devtools/browser/3697b57d-fd93-4780-b54d-1c74a4cb423e
Build info: version: '4.1.2', revision: '9a5a329c5a'
System info: host: 'LAPTOP-JML9HNE8', ip: '172.30.16.1', os.name: 'Windows 10', os.arch: 'amd64', os.version: '10.0', java.version: '1.8.0_241'
Driver info: driver.version: RemoteWebDriver]]>
            </message>
            <full-stacktrace>
              <![CDATA[org.openqa.selenium.remote.http.ConnectionFailedException: Unable to establish websocket connection to http://localhost:53959/devtools/browser/3697b57d-fd93-4780-b54d-1c74a4cb423e
Build info: version: '4.1.2', revision: '9a5a329c5a'
System info: host: 'LAPTOP-JML9HNE8', ip: '172.30.16.1', os.name: 'Windows 10', os.arch: 'amd64', os.version: '10.0', java.version: '1.8.0_241'
Driver info: driver.version: RemoteWebDriver
at org.openqa.selenium.remote.http.netty.NettyWebSocket.<init>(NettyWebSocket.java:104)
at org.openqa.selenium.remote.http.netty.NettyWebSocket.lambda$create$3(NettyWebSocket.java:137)
at org.openqa.selenium.remote.http.netty.NettyClient.openSocket(NettyClient.java:118)
at org.openqa.selenium.devtools.Connection.<init>(Connection.java:77)
at org.openqa.selenium.firefox.FirefoxDriver.maybeGetDevTools(FirefoxDriver.java:310)
at org.openqa.selenium.remote.RemoteWebDriver.close(RemoteWebDriver.java:440)
at browser.MultiBrowser.teardown(MultiBrowser.java:83)
at sun.reflect.NativeMethodAccessorImpl.invoke0(Native Method)
at sun.reflect.NativeMethodAccessorImpl.invoke(NativeMethodAccessorImpl.java:62)
at sun.reflect.DelegatingMethodAccessorImpl.invoke(DelegatingMethodAccessorImpl.java:43)
at java.lang.reflect.Method.invoke(Method.java:498)
at org.testng.internal.MethodInvocationHelper.invokeMethod(MethodInvocationHelper.java:132)
at org.testng.internal.MethodInvocationHelper.invokeMethodConsideringTimeout(MethodInvocationHelper.java:61)
at org.testng.internal.ConfigInvoker.invokeConfigurationMethod(ConfigInvoker.java:366)
at org.testng.internal.ConfigInvoker.invokeConfigurations(ConfigInvoker.java:320)
at org.testng.TestRunner.invokeTestConfigurations(TestRunner.java:617)
at org.testng.TestRunner.afterRun(TestRunner.java:847)
at org.testng.TestRunner.run(TestRunner.java:588)
at org.testng.SuiteRunner.runTest(SuiteRunner.java:384)
at org.testng.SuiteRunner.access$000(SuiteRunner.java:28)
at org.testng.SuiteRunner$SuiteWorker.run(SuiteRunner.java:425)
at org.testng.internal.thread.ThreadUtil.lambda$execute$0(ThreadUtil.java:66)
at java.util.concurrent.FutureTask.run(FutureTask.java:266)
at java.util.concurrent.ThreadPoolExecutor.runWorker(ThreadPoolExecutor.java:1149)
at java.util.concurrent.ThreadPoolExecutor$Worker.run(ThreadPoolExecutor.java:624)
at java.lang.Thread.run(Thread.java:748)
]]>
            </full-stacktrace>
          </exception> <!-- org.openqa.selenium.remote.http.ConnectionFailedException -->
          <reporter-output>
          </reporter-output>
        </test-method> <!-- teardown -->
      </class> <!-- browser.MultiBrowser -->
    </test> <!-- TestOnFirefox -->
  </suite> <!-- Suite -->
</testng-results>
