<?xml version="1.0" encoding="UTF-8"?>
<testng-results skipped="0" failed="0" ignored="0" total="1" passed="1">
  <reporter-output>
  </reporter-output>
  <suite name="Suite" duration-ms="10613" started-at="2022-02-10T09:11:35 COT" finished-at="2022-02-10T09:11:46 COT">
    <groups>
    </groups>
    <test name="Test" duration-ms="10613" started-at="2022-02-10T09:11:35 COT" finished-at="2022-02-10T09:11:46 COT">
      <class name="browser.MultiBrowser">
        <test-method status="PASS" signature="setup(java.lang.String)[pri:0, instance:browser.MultiBrowser@25d250c6]" name="setup" is-config="true" duration-ms="4853" started-at="2022-02-10T09:11:35 COT" finished-at="2022-02-10T09:11:40 COT">
          <params>
            <param index="0">
              <value>
                <![CDATA[edge]]>
              </value>
            </param>
          </params>
          <reporter-output>
          </reporter-output>
        </test-method> <!-- setup -->
        <test-method status="PASS" signature="test1()[pri:0, instance:browser.MultiBrowser@25d250c6]" name="test1" duration-ms="5537" started-at="2022-02-10T09:11:40 COT" finished-at="2022-02-10T09:11:46 COT">
          <reporter-output>
          </reporter-output>
        </test-method> <!-- test1 -->
        <test-method status="PASS" signature="teardown()[pri:0, instance:browser.MultiBrowser@25d250c6]" name="teardown" is-config="true" duration-ms="171" started-at="2022-02-10T09:11:46 COT" finished-at="2022-02-10T09:11:46 COT">
          <reporter-output>
          </reporter-output>
        </test-method> <!-- teardown -->
      </class> <!-- browser.MultiBrowser -->
    </test> <!-- Test -->
  </suite> <!-- Suite -->
</testng-results>
